<?xml version="1.0" encoding="UTF-8" ?>
<testsuite tests="3" failures="1" name="DOME.Dome" time="3.116" errors="0" skipped="0">
  <properties>
[...]
</properties>
  <testcase classname="DOME.Dome" name="testMp3" time="2.358"/>
  <testcase classname="DOME.Dome" name="testGetHtml" time="0.154"/>
  <testcase classname="DOME.Dome" name="testSearch" time="0.604">
    <failure message="1 expectation failed.
JSON path stocks.name doesn&apos;t match.
Expected: a collection containing &quot;鎼滅嫍&quot;
  Actual: [搜狗]
" type="java.lang.AssertionError">java.lang.AssertionError: 1 expectation failed.
JSON path stocks.name doesn&apos;t match.
Expected: a collection containing &quot;鎼滅嫍&quot;
  Actual: [搜狗]

	at sun.reflect.NativeConstructorAccessorImpl.newInstance0(Native Method)
	at sun.reflect.NativeConstructorAccessorImpl.newInstance(Unknown Source)
	at sun.reflect.DelegatingConstructorAccessorImpl.newInstance(Unknown Source)
	at java.lang.reflect.Constructor.newInstance(Unknown Source)
	at org.codehaus.groovy.reflection.CachedConstructor.invoke(CachedConstructor.java:83)
	at org.codehaus.groovy.reflection.CachedConstructor.doConstructorInvoke(CachedConstructor.java:77)
	at org.codehaus.groovy.runtime.callsite.ConstructorSite$ConstructorSiteNoUnwrap.callConstructor(ConstructorSite.java:84)
	at org.codehaus.groovy.runtime.callsite.CallSiteArray.defaultCallConstructor(CallSiteArray.java:60)
	at org.codehaus.groovy.runtime.callsite.AbstractCallSite.callConstructor(AbstractCallSite.java:235)
	at org.codehaus.groovy.runtime.callsite.AbstractCallSite.callConstructor(AbstractCallSite.java:247)
	at io.restassured.internal.ResponseSpecificationImpl$HamcrestAssertionClosure.validate(ResponseSpecificationImpl.groovy:471)
	at io.restassured.internal.ResponseSpecificationImpl$HamcrestAssertionClosure$validate$1.call(Unknown Source)
	at io.restassured.internal.ResponseSpecificationImpl.validateResponseIfRequired(ResponseSpecificationImpl.groovy:643)
	at sun.reflect.NativeMethodAccessorImpl.invoke0(Native Method)
	at sun.reflect.NativeMethodAccessorImpl.invoke(Unknown Source)
	at sun.reflect.DelegatingMethodAccessorImpl.invoke(Unknown Source)
	at java.lang.reflect.Method.invoke(Unknown Source)
	at org.codehaus.groovy.runtime.callsite.PogoMetaMethodSite$PogoCachedMethodSiteNoUnwrapNoCoerce.invoke(PogoMetaMethodSite.java:210)
	at org.codehaus.groovy.runtime.callsite.PogoMetaMethodSite.callCurrent(PogoMetaMethodSite.java:59)
	at org.codehaus.groovy.runtime.callsite.AbstractCallSite.callCurrent(AbstractCallSite.java:166)
	at io.restassured.internal.ResponseSpecificationImpl.content(ResponseSpecificationImpl.groovy:265)
	at io.restassured.specification.ResponseSpecification$content$1.callCurrent(Unknown Source)
	at io.restassured.internal.ResponseSpecificationImpl.body(ResponseSpecificationImpl.groovy:248)
	at io.restassured.internal.ValidatableResponseOptionsImpl.body(ValidatableResponseOptionsImpl.java:268)
	at DOME.Dome.testSearch(Dome.java:41)
	at sun.reflect.NativeMethodAccessorImpl.invoke0(Native Method)
	at sun.reflect.NativeMethodAccessorImpl.invoke(Unknown Source)
	at sun.reflect.DelegatingMethodAccessorImpl.invoke(Unknown Source)
	at java.lang.reflect.Method.invoke(Unknown Source)
	at org.junit.runners.model.FrameworkMethod$1.runReflectiveCall(FrameworkMethod.java:50)
	at org.junit.internal.runners.model.ReflectiveCallable.run(ReflectiveCallable.java:12)
	at org.junit.runners.model.FrameworkMethod.invokeExplosively(FrameworkMethod.java:47)
	at org.junit.internal.runners.statements.InvokeMethod.evaluate(InvokeMethod.java:17)
	at org.junit.runners.ParentRunner.runLeaf(ParentRunner.java:325)
	at org.junit.runners.BlockJUnit4ClassRunner.runChild(BlockJUnit4ClassRunner.java:78)
	at org.junit.runners.BlockJUnit4ClassRunner.runChild(BlockJUnit4ClassRunner.java:57)
	at org.junit.runners.ParentRunner$3.run(ParentRunner.java:290)
	at org.junit.runners.ParentRunner$1.schedule(ParentRunner.java:71)
	at org.junit.runners.ParentRunner.runChildren(ParentRunner.java:288)
	at org.junit.runners.ParentRunner.access$000(ParentRunner.java:58)
	at org.junit.runners.ParentRunner$2.evaluate(ParentRunner.java:268)
	at org.junit.runners.ParentRunner.run(ParentRunner.java:363)
	at org.apache.maven.surefire.junit4.JUnit4Provider.execute(JUnit4Provider.java:252)
	at org.apache.maven.surefire.junit4.JUnit4Provider.executeTestSet(JUnit4Provider.java:141)
	at org.apache.maven.surefire.junit4.JUnit4Provider.invoke(JUnit4Provider.java:112)
	at sun.reflect.NativeMethodAccessorImpl.invoke0(Native Method)
	at sun.reflect.NativeMethodAccessorImpl.invoke(Unknown Source)
	at sun.reflect.DelegatingMethodAccessorImpl.invoke(Unknown Source)
	at java.lang.reflect.Method.invoke(Unknown Source)
	at org.apache.maven.surefire.util.ReflectionUtils.invokeMethodWithArray(ReflectionUtils.java:189)
	at org.apache.maven.surefire.booter.ProviderFactory$ProviderProxy.invoke(ProviderFactory.java:165)
	at org.apache.maven.surefire.booter.ProviderFactory.invokeProvider(ProviderFactory.java:85)
	at org.apache.maven.surefire.booter.ForkedBooter.runSuitesInProcess(ForkedBooter.java:115)
	at org.apache.maven.surefire.booter.ForkedBooter.main(ForkedBooter.java:75)
</failure>
    <system-out>Request method:	GET
Request URI:	https://xueqiu.com/stock/search.json?code=sogo
Proxy:			&lt;none&gt;
Request params:	&lt;none&gt;
Query params:	code=sogo
Form params:	&lt;none&gt;
Path params:	&lt;none&gt;
Headers:		Cookie=_ga=GA1.2.1028913041.1552358871; device_id=d5fecc82d1df9d7391ce832662a3f9d7; s=br17pfxgmt; xq_a_token=5c104b18ca74a0bac1d609b63885de33c07a65d0; xqat=5c104b18ca74a0bac1d609b63885de33c07a65d0; xq_r_token=03d48b28745dbed6e0596a03930056dbcb3f5e5b; xq_token_expire=Sun%20Aug%2018%202019%2017%3A51%3A04%20GMT%2B0800%20(China%20Standard%20Time); xq_is_login=1; u=3647164279; Hm_lvt_1db88642e346389874251b5a1eded6e3=1563962040,1564369207; snbim_minify=true; Hm_lpvt_1db88642e346389874251b5a1eded6e3=1564386032
				Accept=*/*
Cookies:		&lt;none&gt;
Multiparts:		&lt;none&gt;
Body:			&lt;none&gt;
HTTP/1.1 200 OK
Date: Wed, 31 Jul 2019 03:27:42 GMT
Content-Type: application/json;charset=UTF-8
Content-Length: 223
Connection: keep-alive
Set-Cookie: aliyungf_tc=AQAAAHUNmVzDOgAA9gPCtxP+JwEaVtHy; Path=/; HttpOnly
Server: openresty/1.11.2.4
Trace-Id: f6366ff60ccdd7f0
X-Application-Context: application:production
Cache-Control: private, no-store, no-cache, must-revalidate, max-age=0
P3P: &quot;CP=&quot;IDC DSP COR ADM DEVi TAIi PSA PSD IVAi IVDi CONi HIS OUR IND CNT&quot;&quot;
Strict-Transport-Security: max-age=31536000

{
    &quot;q&quot;: &quot;sogo&quot;,
    &quot;page&quot;: 1,
    &quot;size&quot;: 10,
    &quot;stocks&quot;: [
        {
            &quot;code&quot;: &quot;SOGO&quot;,
            &quot;name&quot;: &quot;搜狗&quot;,
            &quot;enName&quot;: &quot;&quot;,
            &quot;hasexist&quot;: &quot;false&quot;,
            &quot;flag&quot;: null,
            &quot;type&quot;: 0,
            &quot;stock_id&quot;: 1029472,
            &quot;ind_id&quot;: 0,
            &quot;ind_name&quot;: &quot;通讯业务&quot;,
            &quot;ind_color&quot;: null,
            &quot;_source&quot;: &quot;sc_1:1:sogo&quot;
        }
    ]
}
</system-out>
  </testcase>
</testsuite>